TN:
SF:src/errors/forbidden-error.ts
FN:2,(anonymous_0)
FNF:1
FNH:0
FNDA:0,(anonymous_0)
DA:1,0
DA:3,0
DA:4,0
LF:3
LH:0
BRDA:2,0,0,0
BRF:1
BRH:0
end_of_record
TN:
SF:src/middleware/auth.ts
FN:9,(anonymous_1)
FNF:1
FNH:0
FNDA:0,(anonymous_1)
DA:2,0
DA:3,0
DA:9,0
DA:14,0
DA:15,0
DA:17,0
DA:18,0
DA:21,0
DA:22,0
DA:25,0
DA:29,0
DA:30,0
DA:33,0
DA:34,0
DA:36,0
LF:15
LH:0
BRDA:15,0,0,0
BRDA:15,0,1,0
BRDA:17,1,0,0
BRDA:29,2,0,0
BRF:4
BRH:0
end_of_record
TN:
SF:src/routes/accounts.ts
FN:25,(anonymous_0)
FN:39,(anonymous_1)
FN:59,(anonymous_2)
FN:80,(anonymous_3)
FN:112,(anonymous_4)
FN:132,(anonymous_5)
FN:177,(anonymous_6)
FN:186,(anonymous_7)
FN:191,(anonymous_8)
FN:202,(anonymous_9)
FN:225,(anonymous_10)
FN:270,(anonymous_11)
FN:271,(anonymous_12)
FN:272,(anonymous_13)
FN:273,(anonymous_14)
FN:276,(anonymous_15)
FNF:16
FNH:0
FNDA:0,(anonymous_0)
FNDA:0,(anonymous_1)
FNDA:0,(anonymous_2)
FNDA:0,(anonymous_3)
FNDA:0,(anonymous_4)
FNDA:0,(anonymous_5)
FNDA:0,(anonymous_6)
FNDA:0,(anonymous_7)
FNDA:0,(anonymous_8)
FNDA:0,(anonymous_9)
FNDA:0,(anonymous_10)
FNDA:0,(anonymous_11)
FNDA:0,(anonymous_12)
FNDA:0,(anonymous_13)
FNDA:0,(anonymous_14)
FNDA:0,(anonymous_15)
DA:1,0
DA:2,0
DA:3,0
DA:4,0
DA:5,0
DA:7,0
DA:10,0
DA:17,0
DA:25,0
DA:26,0
DA:27,0
DA:32,0
DA:34,0
DA:39,0
DA:40,0
DA:41,0
DA:48,0
DA:49,0
DA:52,0
DA:54,0
DA:59,0
DA:60,0
DA:61,0
DA:63,0
DA:70,0
DA:72,0
DA:73,0
DA:75,0
DA:80,0
DA:81,0
DA:82,0
DA:85,0
DA:92,0
DA:93,0
DA:97,0
DA:102,0
DA:104,0
DA:105,0
DA:107,0
DA:112,0
DA:113,0
DA:114,0
DA:121,0
DA:122,0
DA:125,0
DA:127,0
DA:132,0
DA:133,0
DA:134,0
DA:141,0
DA:142,0
DA:146,0
DA:147,0
DA:150,0
DA:158,0
DA:166,0
DA:174,0
DA:177,0
DA:178,0
DA:179,0
DA:181,0
DA:186,0
DA:187,0
DA:191,0
DA:192,0
DA:195,0
DA:197,0
DA:202,0
DA:203,0
DA:204,0
DA:206,0
DA:207,0
DA:208,0
DA:211,0
DA:216,0
DA:217,0
DA:221,0
DA:222,0
DA:225,0
DA:228,0
DA:239,0
DA:250,0
DA:260,0
DA:270,0
DA:271,0
DA:272,0
DA:273,0
DA:276,0
DA:277,0
DA:278,0
DA:279,0
DA:280,0
DA:282,0
DA:284,0
DA:290,0
DA:292,0
DA:296,0
LF:97
LH:0
BRDA:48,0,0,0
BRDA:72,1,0,0
BRDA:92,2,0,0
BRDA:104,3,0,0
BRDA:121,4,0,0
BRDA:141,5,0,0
BRDA:178,6,0,0
BRDA:178,6,1,0
BRDA:207,7,0,0
BRDA:216,8,0,0
BRDA:221,9,0,0
BRDA:221,9,1,0
BRDA:270,10,0,0
BRDA:270,10,1,0
BRDA:271,11,0,0
BRDA:271,11,1,0
BRDA:272,12,0,0
BRDA:272,12,1,0
BRDA:273,13,0,0
BRDA:273,13,1,0
BRDA:277,14,0,0
BRDA:277,14,1,0
BRDA:278,15,0,0
BRDA:278,15,1,0
BRDA:279,16,0,0
BRDA:279,16,1,0
BRDA:280,17,0,0
BRDA:280,17,1,0
BRF:28
BRH:0
end_of_record
TN:
SF:src/routes/auth.ts
FN:35,(anonymous_1)
FN:86,(anonymous_2)
FN:131,(anonymous_3)
FN:154,(anonymous_4)
FN:194,(anonymous_5)
FNF:5
FNH:0
FNDA:0,(anonymous_1)
FNDA:0,(anonymous_2)
FNDA:0,(anonymous_3)
FNDA:0,(anonymous_4)
FNDA:0,(anonymous_5)
DA:1,0
DA:2,0
DA:3,0
DA:4,0
DA:5,0
DA:7,0
DA:8,0
DA:9,0
DA:11,0
DA:14,0
DA:20,0
DA:25,0
DA:29,0
DA:35,0
DA:36,0
DA:37,0
DA:40,0
DA:44,0
DA:45,0
DA:49,0
DA:52,0
DA:67,0
DA:73,0
DA:78,0
DA:79,0
DA:81,0
DA:86,0
DA:87,0
DA:88,0
DA:91,0
DA:95,0
DA:96,0
DA:100,0
DA:102,0
DA:103,0
DA:107,0
DA:113,0
DA:123,0
DA:124,0
DA:126,0
DA:131,0
DA:132,0
DA:133,0
DA:143,0
DA:144,0
DA:147,0
DA:149,0
DA:154,0
DA:155,0
DA:156,0
DA:158,0
DA:163,0
DA:164,0
DA:168,0
DA:169,0
DA:172,0
DA:181,0
DA:183,0
DA:185,0
DA:186,0
DA:188,0
DA:189,0
DA:194,0
DA:195,0
DA:196,0
DA:198,0
DA:207,0
DA:208,0
DA:212,0
DA:215,0
DA:224,0
DA:226,0
DA:227,0
DA:229,0
DA:230,0
DA:234,0
LF:76
LH:0
BRDA:44,0,0,0
BRDA:78,1,0,0
BRDA:95,2,0,0
BRDA:102,3,0,0
BRDA:123,4,0,0
BRDA:143,5,0,0
BRDA:163,6,0,0
BRDA:185,7,0,0
BRDA:207,8,0,0
BRDA:226,9,0,0
BRF:10
BRH:0
end_of_record
TN:
SF:src/routes/budgets.ts
FN:22,(anonymous_0)
FN:51,(anonymous_1)
FN:97,(anonymous_2)
FN:120,(anonymous_3)
FN:179,(anonymous_4)
FN:214,(anonymous_5)
FN:238,(anonymous_6)
FN:301,(anonymous_7)
FNF:8
FNH:0
FNDA:0,(anonymous_0)
FNDA:0,(anonymous_1)
FNDA:0,(anonymous_2)
FNDA:0,(anonymous_3)
FNDA:0,(anonymous_4)
FNDA:0,(anonymous_5)
FNDA:0,(anonymous_6)
FNDA:0,(anonymous_7)
DA:1,0
DA:2,0
DA:3,0
DA:4,0
DA:5,0
DA:7,0
DA:10,0
DA:17,0
DA:22,0
DA:23,0
DA:24,0
DA:26,0
DA:27,0
DA:30,0
DA:31,0
DA:34,0
DA:46,0
DA:47,0
DA:50,0
DA:52,0
DA:67,0
DA:68,0
DA:69,0
DA:70,0
DA:72,0
DA:73,0
DA:74,0
DA:75,0
DA:76,0
DA:79,0
DA:90,0
DA:92,0
DA:97,0
DA:98,0
DA:99,0
DA:109,0
DA:110,0
DA:113,0
DA:115,0
DA:120,0
DA:121,0
DA:122,0
DA:125,0
DA:136,0
DA:137,0
DA:141,0
DA:148,0
DA:149,0
DA:152,0
DA:153,0
DA:156,0
DA:169,0
DA:171,0
DA:172,0
DA:174,0
DA:179,0
DA:180,0
DA:181,0
DA:183,0
DA:190,0
DA:191,0
DA:194,0
DA:204,0
DA:206,0
DA:207,0
DA:209,0
DA:214,0
DA:215,0
DA:216,0
DA:223,0
DA:224,0
DA:227,0
DA:231,0
DA:233,0
DA:238,0
DA:239,0
DA:240,0
DA:241,0
DA:243,0
DA:244,0
DA:246,0
DA:247,0
DA:248,0
DA:249,0
DA:252,0
DA:264,0
DA:265,0
DA:267,0
DA:282,0
DA:283,0
DA:285,0
DA:294,0
DA:296,0
DA:301,0
DA:302,0
DA:303,0
DA:305,0
DA:306,0
DA:310,0
DA:311,0
DA:312,0
DA:313,0
DA:314,0
DA:318,0
DA:326,0
DA:327,0
DA:331,0
DA:332,0
DA:333,0
DA:344,0
DA:345,0
DA:357,0
DA:361,0
DA:363,0
DA:367,0
LF:115
LH:0
BRDA:26,0,0,0
BRDA:26,1,0,0
BRDA:26,1,1,0
BRDA:67,2,0,0
BRDA:67,2,1,0
BRDA:70,3,0,0
BRDA:70,3,1,0
BRDA:73,4,0,0
BRDA:73,4,1,0
BRDA:75,5,0,0
BRDA:109,6,0,0
BRDA:136,7,0,0
BRDA:148,8,0,0
BRDA:152,9,0,0
BRDA:171,10,0,0
BRDA:174,11,0,0
BRDA:174,11,1,0
BRDA:190,12,0,0
BRDA:206,13,0,0
BRDA:209,14,0,0
BRDA:209,14,1,0
BRDA:223,15,0,0
BRDA:233,16,0,0
BRDA:233,16,1,0
BRDA:240,17,0,0
BRDA:282,18,0,0
BRDA:282,18,1,0
BRDA:283,19,0,0
BRDA:283,19,1,0
BRDA:305,20,0,0
BRDA:305,21,0,0
BRDA:305,21,1,0
BRDA:312,22,0,0
BRDA:326,23,0,0
BRDA:344,24,0,0
BRDA:363,25,0,0
BRDA:363,25,1,0
BRF:37
BRH:0
end_of_record
TN:
SF:src/routes/categories.ts
FN:24,(anonymous_0)
FN:38,(anonymous_1)
FN:58,(anonymous_2)
FN:79,(anonymous_3)
FN:111,(anonymous_4)
FNF:5
FNH:0
FNDA:0,(anonymous_0)
FNDA:0,(anonymous_1)
FNDA:0,(anonymous_2)
FNDA:0,(anonymous_3)
FNDA:0,(anonymous_4)
DA:1,0
DA:2,0
DA:3,0
DA:4,0
DA:6,0
DA:9,0
DA:16,0
DA:24,0
DA:25,0
DA:26,0
DA:31,0
DA:33,0
DA:38,0
DA:39,0
DA:40,0
DA:47,0
DA:48,0
DA:51,0
DA:53,0
DA:58,0
DA:59,0
DA:60,0
DA:62,0
DA:69,0
DA:71,0
DA:72,0
DA:74,0
DA:79,0
DA:80,0
DA:81,0
DA:84,0
DA:91,0
DA:92,0
DA:96,0
DA:101,0
DA:103,0
DA:104,0
DA:106,0
DA:111,0
DA:112,0
DA:113,0
DA:120,0
DA:121,0
DA:124,0
DA:126,0
DA:130,0
LF:46
LH:0
BRDA:47,0,0,0
BRDA:71,1,0,0
BRDA:91,2,0,0
BRDA:103,3,0,0
BRDA:120,4,0,0
BRF:5
BRH:0
end_of_record
TN:
SF:src/routes/creditCards.ts
FN:29,(anonymous_0)
FN:50,(anonymous_1)
FN:55,(anonymous_2)
FN:78,(anonymous_3)
FN:103,(anonymous_4)
FN:114,(anonymous_5)
FN:130,(anonymous_6)
FN:159,(anonymous_7)
FN:201,(anonymous_8)
FN:256,(anonymous_9)
FNF:10
FNH:0
FNDA:0,(anonymous_0)
FNDA:0,(anonymous_1)
FNDA:0,(anonymous_2)
FNDA:0,(anonymous_3)
FNDA:0,(anonymous_4)
FNDA:0,(anonymous_5)
FNDA:0,(anonymous_6)
FNDA:0,(anonymous_7)
FNDA:0,(anonymous_8)
FNDA:0,(anonymous_9)
DA:1,0
DA:2,0
DA:3,0
DA:4,0
DA:5,0
DA:6,0
DA:7,0
DA:9,0
DA:12,0
DA:20,0
DA:29,0
DA:30,0
DA:31,0
DA:45,0
DA:46,0
DA:50,0
DA:53,0
DA:54,0
DA:55,0
DA:56,0
DA:63,0
DA:77,0
DA:78,0
DA:79,0
DA:80,0
DA:87,0
DA:102,0
DA:103,0
DA:104,0
DA:105,0
DA:106,0
DA:107,0
DA:108,0
DA:114,0
DA:115,0
DA:116,0
DA:117,0
DA:123,0
DA:125,0
DA:130,0
DA:131,0
DA:132,0
DA:148,0
DA:149,0
DA:152,0
DA:154,0
DA:159,0
DA:160,0
DA:161,0
DA:164,0
DA:171,0
DA:172,0
DA:175,0
DA:191,0
DA:193,0
DA:194,0
DA:196,0
DA:201,0
DA:202,0
DA:203,0
DA:206,0
DA:207,0
DA:214,0
DA:215,0
DA:220,0
DA:227,0
DA:228,0
DA:232,0
DA:246,0
DA:248,0
DA:249,0
DA:251,0
DA:256,0
DA:257,0
DA:258,0
DA:265,0
DA:266,0
DA:269,0
DA:271,0
DA:275,0
LF:80
LH:0
BRDA:45,0,0,0
BRDA:79,1,0,0
BRDA:80,2,0,0
BRDA:80,2,1,0
BRDA:104,3,0,0
BRDA:106,4,0,0
BRDA:106,5,0,0
BRDA:106,5,1,0
BRDA:107,6,0,0
BRDA:107,6,1,0
BRDA:115,7,0,0
BRDA:115,7,1,0
BRDA:116,8,0,0
BRDA:116,8,1,0
BRDA:148,9,0,0
BRDA:171,10,0,0
BRDA:193,11,0,0
BRDA:206,12,0,0
BRDA:214,13,0,0
BRDA:227,14,0,0
BRDA:248,15,0,0
BRDA:265,16,0,0
BRF:22
BRH:0
end_of_record
TN:
SF:src/routes/goals.ts
FN:13,(anonymous_0)
FN:23,(anonymous_1)
FN:28,calculateProgress
FN:53,(anonymous_3)
FN:78,(anonymous_4)
FN:94,(anonymous_5)
FN:133,(anonymous_6)
FN:186,(anonymous_7)
FN:252,(anonymous_8)
FN:276,(anonymous_9)
FN:339,(anonymous_10)
FN:366,(anonymous_11)
FN:394,(anonymous_12)
FNF:13
FNH:0
FNDA:0,(anonymous_0)
FNDA:0,(anonymous_1)
FNDA:0,calculateProgress
FNDA:0,(anonymous_3)
FNDA:0,(anonymous_4)
FNDA:0,(anonymous_5)
FNDA:0,(anonymous_6)
FNDA:0,(anonymous_7)
FNDA:0,(anonymous_8)
FNDA:0,(anonymous_9)
FNDA:0,(anonymous_10)
FNDA:0,(anonymous_11)
FNDA:0,(anonymous_12)
DA:1,0
DA:2,0
DA:3,0
DA:4,0
DA:5,0
DA:7,0
DA:10,0
DA:13,0
DA:19,0
DA:21,0
DA:23,0
DA:29,0
DA:30,0
DA:32,0
DA:33,0
DA:34,0
DA:37,0
DA:38,0
DA:41,0
DA:43,0
DA:53,0
DA:54,0
DA:55,0
DA:57,0
DA:59,0
DA:60,0
DA:63,0
DA:78,0
DA:87,0
DA:89,0
DA:94,0
DA:95,0
DA:96,0
DA:116,0
DA:117,0
DA:120,0
DA:126,0
DA:128,0
DA:133,0
DA:134,0
DA:135,0
DA:138,0
DA:139,0
DA:146,0
DA:147,0
DA:151,0
DA:174,0
DA:176,0
DA:178,0
DA:179,0
DA:181,0
DA:186,0
DA:187,0
DA:188,0
DA:190,0
DA:197,0
DA:198,0
DA:202,0
DA:203,0
DA:210,0
DA:211,0
DA:215,0
DA:236,0
DA:242,0
DA:244,0
DA:245,0
DA:247,0
DA:252,0
DA:253,0
DA:254,0
DA:261,0
DA:262,0
DA:265,0
DA:269,0
DA:271,0
DA:276,0
DA:277,0
DA:278,0
DA:280,0
DA:287,0
DA:288,0
DA:291,0
DA:292,0
DA:296,0
DA:316,0
DA:317,0
DA:319,0
DA:320,0
DA:329,0
DA:331,0
DA:332,0
DA:334,0
DA:339,0
DA:340,0
DA:341,0
DA:348,0
DA:349,0
DA:352,0
DA:359,0
DA:361,0
DA:366,0
DA:367,0
DA:368,0
DA:375,0
DA:376,0
DA:379,0
DA:387,0
DA:389,0
DA:394,0
DA:395,0
DA:396,0
DA:403,0
DA:404,0
DA:407,0
DA:414,0
DA:416,0
DA:420,0
LF:117
LH:0
BRDA:29,0,0,0
BRDA:29,0,1,0
BRDA:41,1,0,0
BRDA:41,1,1,0
BRDA:41,1,2,0
BRDA:59,2,0,0
BRDA:116,3,0,0
BRDA:138,4,0,0
BRDA:146,5,0,0
BRDA:161,6,0,0
BRDA:161,6,1,0
BRDA:178,7,0,0
BRDA:181,8,0,0
BRDA:181,8,1,0
BRDA:197,9,0,0
BRDA:202,10,0,0
BRDA:210,11,0,0
BRDA:244,12,0,0
BRDA:247,13,0,0
BRDA:247,13,1,0
BRDA:261,14,0,0
BRDA:271,15,0,0
BRDA:271,15,1,0
BRDA:287,16,0,0
BRDA:291,17,0,0
BRDA:319,18,0,0
BRDA:319,19,0,0
BRDA:319,19,1,0
BRDA:331,20,0,0
BRDA:334,21,0,0
BRDA:334,21,1,0
BRDA:348,22,0,0
BRDA:375,23,0,0
BRDA:389,24,0,0
BRDA:389,24,1,0
BRDA:403,25,0,0
BRDA:416,26,0,0
BRDA:416,26,1,0
BRF:38
BRH:0
end_of_record
TN:
SF:src/routes/recurring.ts
FN:16,(anonymous_0)
FN:17,(anonymous_1)
FN:26,calculateNextDueDate
FN:54,(anonymous_3)
FN:76,(anonymous_4)
FN:99,(anonymous_5)
FN:124,(anonymous_6)
FN:146,(anonymous_7)
FN:181,(anonymous_8)
FN:233,(anonymous_9)
FN:257,(anonymous_10)
FN:282,(anonymous_11)
FN:323,(anonymous_12)
FN:421,(anonymous_13)
FNF:14
FNH:0
FNDA:0,(anonymous_0)
FNDA:0,(anonymous_1)
FNDA:0,calculateNextDueDate
FNDA:0,(anonymous_3)
FNDA:0,(anonymous_4)
FNDA:0,(anonymous_5)
FNDA:0,(anonymous_6)
FNDA:0,(anonymous_7)
FNDA:0,(anonymous_8)
FNDA:0,(anonymous_9)
FNDA:0,(anonymous_10)
FNDA:0,(anonymous_11)
FNDA:0,(anonymous_12)
FNDA:0,(anonymous_13)
DA:1,0
DA:2,0
DA:3,0
DA:4,0
DA:5,0
DA:7,0
DA:10,0
DA:16,0
DA:17,0
DA:23,0
DA:32,0
DA:33,0
DA:35,0
DA:37,0
DA:38,0
DA:40,0
DA:41,0
DA:43,0
DA:44,0
DA:46,0
DA:47,0
DA:50,0
DA:54,0
DA:55,0
DA:56,0
DA:58,0
DA:60,0
DA:61,0
DA:64,0
DA:69,0
DA:71,0
DA:76,0
DA:77,0
DA:78,0
DA:85,0
DA:86,0
DA:89,0
DA:91,0
DA:96,0
DA:99,0
DA:100,0
DA:101,0
DA:104,0
DA:105,0
DA:107,0
DA:112,0
DA:113,0
DA:115,0
DA:116,0
DA:117,0
DA:121,0
DA:124,0
DA:126,0
DA:145,0
DA:147,0
DA:165,0
DA:168,0
DA:173,0
DA:174,0
DA:176,0
DA:181,0
DA:182,0
DA:183,0
DA:185,0
DA:192,0
DA:193,0
DA:196,0
DA:198,0
DA:199,0
DA:200,0
DA:201,0
DA:202,0
DA:203,0
DA:204,0
DA:205,0
DA:206,0
DA:207,0
DA:210,0
DA:211,0
DA:218,0
DA:223,0
DA:225,0
DA:226,0
DA:228,0
DA:233,0
DA:234,0
DA:235,0
DA:242,0
DA:243,0
DA:246,0
DA:250,0
DA:252,0
DA:257,0
DA:258,0
DA:259,0
DA:266,0
DA:267,0
DA:270,0
DA:275,0
DA:277,0
DA:282,0
DA:283,0
DA:284,0
DA:291,0
DA:292,0
DA:296,0
DA:297,0
DA:299,0
DA:300,0
DA:308,0
DA:316,0
DA:318,0
DA:323,0
DA:324,0
DA:326,0
DA:327,0
DA:330,0
DA:342,0
DA:344,0
DA:345,0
DA:346,0
DA:350,0
DA:355,0
DA:356,0
DA:358,0
DA:359,0
DA:360,0
DA:369,0
DA:371,0
DA:373,0
DA:383,0
DA:384,0
DA:400,0
DA:405,0
DA:411,0
DA:416,0
DA:421,0
DA:422,0
DA:423,0
DA:436,0
DA:438,0
DA:442,0
LF:142
LH:0
BRDA:32,0,0,0
BRDA:32,0,1,0
BRDA:35,1,0,0
BRDA:35,1,1,0
BRDA:35,1,2,0
BRDA:35,1,3,0
BRDA:60,2,0,0
BRDA:60,3,0,0
BRDA:60,3,1,0
BRDA:85,4,0,0
BRDA:107,5,0,0
BRDA:107,5,1,0
BRDA:107,6,0,0
BRDA:107,6,1,0
BRDA:139,7,0,0
BRDA:139,7,1,0
BRDA:155,8,0,0
BRDA:155,8,1,0
BRDA:173,9,0,0
BRDA:176,10,0,0
BRDA:176,10,1,0
BRDA:192,11,0,0
BRDA:198,12,0,0
BRDA:199,13,0,0
BRDA:200,14,0,0
BRDA:201,15,0,0
BRDA:202,16,0,0
BRDA:203,17,0,0
BRDA:204,18,0,0
BRDA:205,19,0,0
BRDA:206,20,0,0
BRDA:207,21,0,0
BRDA:207,22,0,0
BRDA:207,22,1,0
BRDA:210,23,0,0
BRDA:210,24,0,0
BRDA:210,24,1,0
BRDA:210,24,2,0
BRDA:212,25,0,0
BRDA:212,25,1,0
BRDA:213,26,0,0
BRDA:213,26,1,0
BRDA:214,27,0,0
BRDA:214,27,1,0
BRDA:225,28,0,0
BRDA:228,29,0,0
BRDA:228,29,1,0
BRDA:242,30,0,0
BRDA:252,31,0,0
BRDA:252,31,1,0
BRDA:266,32,0,0
BRDA:277,33,0,0
BRDA:277,33,1,0
BRDA:291,34,0,0
BRDA:297,35,0,0
BRDA:297,35,1,0
BRDA:318,36,0,0
BRDA:318,36,1,0
BRDA:345,37,0,0
BRDA:345,38,0,0
BRDA:345,38,1,0
BRDA:345,38,2,0
BRDA:350,39,0,0
BRDA:350,39,1,0
BRDA:350,40,0,0
BRDA:350,40,1,0
BRDA:356,41,0,0
BRDA:356,41,1,0
BRDA:369,42,0,0
BRDA:369,42,1,0
BRDA:383,43,0,0
BRDA:389,44,0,0
BRDA:389,44,1,0
BRDA:416,45,0,0
BRDA:416,45,1,0
BRF:75
BRH:0
end_of_record
TN:
SF:src/routes/reminders.ts
FN:14,(anonymous_0)
FN:23,(anonymous_1)
FN:54,(anonymous_2)
FN:86,(anonymous_3)
FN:106,(anonymous_4)
FN:136,(anonymous_5)
FN:187,(anonymous_6)
FN:248,(anonymous_7)
FN:272,(anonymous_8)
FN:316,(anonymous_9)
FN:343,(anonymous_10)
FN:418,(anonymous_11)
FNF:12
FNH:0
FNDA:0,(anonymous_0)
FNDA:0,(anonymous_1)
FNDA:0,(anonymous_2)
FNDA:0,(anonymous_3)
FNDA:0,(anonymous_4)
FNDA:0,(anonymous_5)
FNDA:0,(anonymous_6)
FNDA:0,(anonymous_7)
FNDA:0,(anonymous_8)
FNDA:0,(anonymous_9)
FNDA:0,(anonymous_10)
FNDA:0,(anonymous_11)
DA:1,0
DA:2,0
DA:3,0
DA:4,0
DA:5,0
DA:7,0
DA:10,0
DA:14,0
DA:20,0
DA:23,0
DA:24,0
DA:25,0
DA:27,0
DA:29,0
DA:30,0
DA:33,0
DA:47,0
DA:49,0
DA:54,0
DA:55,0
DA:56,0
DA:57,0
DA:59,0
DA:60,0
DA:62,0
DA:63,0
DA:64,0
DA:67,0
DA:86,0
DA:87,0
DA:88,0
DA:89,0
DA:91,0
DA:99,0
DA:101,0
DA:106,0
DA:107,0
DA:108,0
DA:125,0
DA:126,0
DA:129,0
DA:131,0
DA:136,0
DA:137,0
DA:138,0
DA:141,0
DA:142,0
DA:149,0
DA:150,0
DA:154,0
DA:177,0
DA:179,0
DA:180,0
DA:182,0
DA:187,0
DA:188,0
DA:189,0
DA:191,0
DA:198,0
DA:199,0
DA:203,0
DA:204,0
DA:211,0
DA:212,0
DA:216,0
DA:238,0
DA:240,0
DA:241,0
DA:243,0
DA:248,0
DA:249,0
DA:250,0
DA:257,0
DA:258,0
DA:261,0
DA:265,0
DA:267,0
DA:272,0
DA:273,0
DA:274,0
DA:276,0
DA:283,0
DA:284,0
DA:288,0
DA:289,0
DA:296,0
DA:297,0
DA:301,0
DA:309,0
DA:311,0
DA:316,0
DA:317,0
DA:318,0
DA:325,0
DA:326,0
DA:329,0
DA:336,0
DA:338,0
DA:343,0
DA:344,0
DA:345,0
DA:346,0
DA:347,0
DA:350,0
DA:362,0
DA:364,0
DA:366,0
DA:369,0
DA:370,0
DA:377,0
DA:379,0
DA:380,0
DA:383,0
DA:384,0
DA:388,0
DA:402,0
DA:403,0
DA:405,0
DA:418,0
DA:420,0
DA:422,0
DA:426,0
LF:122
LH:0
BRDA:29,0,0,0
BRDA:56,1,0,0
BRDA:125,2,0,0
BRDA:141,3,0,0
BRDA:149,4,0,0
BRDA:164,5,0,0
BRDA:164,5,1,0
BRDA:179,6,0,0
BRDA:182,7,0,0
BRDA:182,7,1,0
BRDA:198,8,0,0
BRDA:203,9,0,0
BRDA:211,10,0,0
BRDA:240,11,0,0
BRDA:243,12,0,0
BRDA:243,12,1,0
BRDA:257,13,0,0
BRDA:267,14,0,0
BRDA:267,14,1,0
BRDA:283,15,0,0
BRDA:288,16,0,0
BRDA:296,17,0,0
BRDA:305,18,0,0
BRDA:305,18,1,0
BRDA:311,19,0,0
BRDA:311,19,1,0
BRDA:325,20,0,0
BRDA:338,21,0,0
BRDA:338,21,1,0
BRDA:369,22,0,0
BRDA:377,23,0,0
BRDA:377,23,1,0
BRDA:402,24,0,0
BRDA:402,24,1,0
BRF:34
BRH:0
end_of_record
TN:
SF:src/routes/reports.ts
FN:9,(anonymous_0)
FN:119,(anonymous_1)
FN:164,(anonymous_2)
FN:165,(anonymous_3)
FN:166,(anonymous_4)
FN:167,(anonymous_5)
FN:184,(anonymous_6)
FN:192,(anonymous_7)
FN:214,(anonymous_8)
FN:223,(anonymous_9)
FN:229,(anonymous_10)
FN:245,(anonymous_11)
FN:258,(anonymous_12)
FN:290,(anonymous_13)
FN:305,(anonymous_14)
FN:314,(anonymous_15)
FN:341,(anonymous_16)
FN:369,(anonymous_17)
FN:376,(anonymous_18)
FN:380,(anonymous_19)
FNF:20
FNH:0
FNDA:0,(anonymous_0)
FNDA:0,(anonymous_1)
FNDA:0,(anonymous_2)
FNDA:0,(anonymous_3)
FNDA:0,(anonymous_4)
FNDA:0,(anonymous_5)
FNDA:0,(anonymous_6)
FNDA:0,(anonymous_7)
FNDA:0,(anonymous_8)
FNDA:0,(anonymous_9)
FNDA:0,(anonymous_10)
FNDA:0,(anonymous_11)
FNDA:0,(anonymous_12)
FNDA:0,(anonymous_13)
FNDA:0,(anonymous_14)
FNDA:0,(anonymous_15)
FNDA:0,(anonymous_16)
FNDA:0,(anonymous_17)
FNDA:0,(anonymous_18)
FNDA:0,(anonymous_19)
DA:1,0
DA:2,0
DA:3,0
DA:4,0
DA:6,0
DA:9,0
DA:10,0
DA:11,0
DA:13,0
DA:14,0
DA:17,0
DA:18,0
DA:21,0
DA:30,0
DA:31,0
DA:34,0
DA:63,0
DA:72,0
DA:73,0
DA:79,0
DA:101,0
DA:102,0
DA:103,0
DA:106,0
DA:110,0
DA:111,0
DA:119,0
DA:122,0
DA:133,0
DA:144,0
DA:154,0
DA:164,0
DA:165,0
DA:166,0
DA:167,0
DA:170,0
DA:171,0
DA:172,0
DA:173,0
DA:174,0
DA:175,0
DA:177,0
DA:181,0
DA:182,0
DA:184,0
DA:185,0
DA:186,0
DA:187,0
DA:189,0
DA:192,0
DA:193,0
DA:194,0
DA:195,0
DA:197,0
DA:201,0
DA:202,0
DA:205,0
DA:206,0
DA:207,0
DA:208,0
DA:210,0
DA:211,0
DA:214,0
DA:215,0
DA:216,0
DA:218,0
DA:223,0
DA:224,0
DA:225,0
DA:229,0
DA:231,0
DA:241,0
DA:245,0
DA:253,0
DA:258,0
DA:259,0
DA:260,0
DA:262,0
DA:263,0
DA:266,0
DA:288,0
DA:290,0
DA:291,0
DA:292,0
DA:293,0
DA:300,0
DA:301,0
DA:302,0
DA:305,0
DA:307,0
DA:309,0
DA:314,0
DA:315,0
DA:316,0
DA:318,0
DA:319,0
DA:322,0
DA:339,0
DA:341,0
DA:344,0
DA:345,0
DA:346,0
DA:347,0
DA:348,0
DA:349,0
DA:350,0
DA:351,0
DA:353,0
DA:356,0
DA:357,0
DA:360,0
DA:361,0
DA:363,0
DA:368,0
DA:369,0
DA:376,0
DA:379,0
DA:380,0
DA:381,0
DA:382,0
DA:385,0
DA:387,0
DA:391,0
LF:123
LH:0
BRDA:13,0,0,0
BRDA:13,1,0,0
BRDA:13,1,1,0
BRDA:30,2,0,0
BRDA:72,3,0,0
BRDA:102,4,0,0
BRDA:110,5,0,0
BRDA:164,6,0,0
BRDA:164,6,1,0
BRDA:165,7,0,0
BRDA:165,7,1,0
BRDA:166,8,0,0
BRDA:166,8,1,0
BRDA:167,9,0,0
BRDA:167,9,1,0
BRDA:172,10,0,0
BRDA:172,10,1,0
BRDA:173,11,0,0
BRDA:173,11,1,0
BRDA:174,12,0,0
BRDA:174,12,1,0
BRDA:175,13,0,0
BRDA:175,13,1,0
BRDA:186,14,0,0
BRDA:194,15,0,0
BRDA:210,16,0,0
BRDA:210,16,1,0
BRDA:211,17,0,0
BRDA:211,17,1,0
BRDA:215,18,0,0
BRDA:215,18,1,0
BRDA:262,19,0,0
BRDA:262,20,0,0
BRDA:262,20,1,0
BRDA:292,21,0,0
BRDA:316,22,0,0
BRDA:318,23,0,0
BRDA:318,24,0,0
BRDA:318,24,1,0
BRDA:344,25,0,0
BRDA:344,25,1,0
BRDA:346,26,0,0
BRDA:346,26,1,0
BRDA:350,27,0,0
BRDA:350,27,1,0
BRDA:356,28,0,0
BRDA:360,29,0,0
BRDA:360,29,1,0
BRF:48
BRH:0
end_of_record
TN:
SF:src/routes/stats.ts
FN:8,(anonymous_0)
FN:27,(anonymous_1)
FN:45,(anonymous_2)
FN:52,(anonymous_3)
FNF:4
FNH:4
FNDA:14,(anonymous_0)
FNDA:9,(anonymous_1)
FNDA:104,(anonymous_2)
FNDA:104,(anonymous_3)
DA:1,1
DA:2,1
DA:3,1
DA:5,1
DA:8,1
DA:9,14
DA:10,14
DA:12,11
DA:17,10
DA:22,4
DA:27,1
DA:28,9
DA:29,9
DA:45,104
DA:52,104
DA:54,7
DA:60,2
DA:64,1
LF:18
LH:18
BRDA:19,0,0,10
BRDA:19,0,1,2
BRF:2
BRH:2
end_of_record
TN:
SF:src/routes/summary.ts
FN:9,(anonymous_0)
FNF:1
FNH:0
FNDA:0,(anonymous_0)
DA:1,0
DA:2,0
DA:3,0
DA:4,0
DA:6,0
DA:9,0
DA:10,0
DA:11,0
DA:17,0
DA:19,0
DA:20,0
DA:23,0
DA:24,0
DA:27,0
DA:28,0
DA:31,0
DA:36,0
DA:38,0
DA:42,0
LF:19
LH:0
BRDA:19,0,0,0
BRDA:23,1,0,0
BRDA:27,2,0,0
BRF:3
BRH:0
end_of_record
TN:
SF:src/routes/transactions.ts
FN:14,(anonymous_0)
FN:15,(anonymous_1)
FN:29,(anonymous_2)
FN:30,(anonymous_3)
FN:43,(anonymous_4)
FN:51,(anonymous_5)
FN:58,(anonymous_6)
FN:68,(anonymous_7)
FN:101,(anonymous_8)
FN:119,(anonymous_9)
FN:138,(anonymous_10)
FN:157,(anonymous_11)
FN:176,(anonymous_12)
FN:196,(anonymous_13)
FN:214,(anonymous_14)
FN:237,(anonymous_15)
FNF:16
FNH:0
FNDA:0,(anonymous_0)
FNDA:0,(anonymous_1)
FNDA:0,(anonymous_2)
FNDA:0,(anonymous_3)
FNDA:0,(anonymous_4)
FNDA:0,(anonymous_5)
FNDA:0,(anonymous_6)
FNDA:0,(anonymous_7)
FNDA:0,(anonymous_8)
FNDA:0,(anonymous_9)
FNDA:0,(anonymous_10)
FNDA:0,(anonymous_11)
FNDA:0,(anonymous_12)
FNDA:0,(anonymous_13)
FNDA:0,(anonymous_14)
FNDA:0,(anonymous_15)
DA:1,0
DA:2,0
DA:3,0
DA:4,0
DA:5,0
DA:6,0
DA:8,0
DA:11,0
DA:14,0
DA:15,0
DA:26,0
DA:29,0
DA:30,0
DA:40,0
DA:43,0
DA:51,0
DA:55,0
DA:58,0
DA:59,0
DA:60,0
DA:61,0
DA:63,0
DA:68,0
DA:69,0
DA:79,0
DA:81,0
DA:83,0
DA:84,0
DA:85,0
DA:86,0
DA:87,0
DA:88,0
DA:89,0
DA:90,0
DA:92,0
DA:94,0
DA:96,0
DA:101,0
DA:102,0
DA:103,0
DA:105,0
DA:106,0
DA:109,0
DA:111,0
DA:112,0
DA:114,0
DA:119,0
DA:120,0
DA:121,0
DA:123,0
DA:128,0
DA:130,0
DA:131,0
DA:133,0
DA:138,0
DA:139,0
DA:140,0
DA:142,0
DA:147,0
DA:149,0
DA:150,0
DA:152,0
DA:157,0
DA:158,0
DA:159,0
DA:161,0
DA:166,0
DA:168,0
DA:169,0
DA:171,0
DA:176,0
DA:177,0
DA:178,0
DA:180,0
DA:186,0
DA:188,0
DA:189,0
DA:191,0
DA:196,0
DA:197,0
DA:198,0
DA:200,0
DA:202,0
DA:203,0
DA:204,0
DA:206,0
DA:207,0
DA:209,0
DA:214,0
DA:215,0
DA:216,0
DA:218,0
DA:219,0
DA:222,0
DA:230,0
DA:232,0
DA:237,0
DA:238,0
DA:239,0
DA:241,0
DA:242,0
DA:245,0
DA:252,0
DA:254,0
DA:258,0
LF:105
LH:0
BRDA:83,0,0,0
BRDA:84,1,0,0
BRDA:85,2,0,0
BRDA:86,3,0,0
BRDA:87,4,0,0
BRDA:88,5,0,0
BRDA:89,6,0,0
BRDA:90,7,0,0
BRDA:105,8,0,0
BRDA:111,9,0,0
BRDA:130,10,0,0
BRDA:133,11,0,0
BRDA:133,11,1,0
BRDA:149,12,0,0
BRDA:152,13,0,0
BRDA:152,13,1,0
BRDA:168,14,0,0
BRDA:171,15,0,0
BRDA:171,15,1,0
BRDA:188,16,0,0
BRDA:191,17,0,0
BRDA:191,17,1,0
BRDA:203,18,0,0
BRDA:206,19,0,0
BRDA:218,20,0,0
BRDA:226,21,0,0
BRDA:226,21,1,0
BRDA:232,22,0,0
BRDA:232,22,1,0
BRDA:241,23,0,0
BRDA:241,24,0,0
BRDA:241,24,1,0
BRF:32
BRH:0
end_of_record
TN:
SF:src/routes/transfers.ts
FN:12,(anonymous_0)
FN:16,(anonymous_1)
FN:23,(anonymous_2)
FN:27,(anonymous_3)
FN:33,(anonymous_4)
FN:63,(anonymous_5)
FN:99,(anonymous_6)
FN:148,(anonymous_7)
FN:169,(anonymous_8)
FN:215,(anonymous_9)
FNF:10
FNH:0
FNDA:0,(anonymous_0)
FNDA:0,(anonymous_1)
FNDA:0,(anonymous_2)
FNDA:0,(anonymous_3)
FNDA:0,(anonymous_4)
FNDA:0,(anonymous_5)
FNDA:0,(anonymous_6)
FNDA:0,(anonymous_7)
FNDA:0,(anonymous_8)
FNDA:0,(anonymous_9)
DA:1,0
DA:2,0
DA:3,0
DA:4,0
DA:5,0
DA:7,0
DA:10,0
DA:12,0
DA:16,0
DA:21,0
DA:23,0
DA:27,0
DA:33,0
DA:34,0
DA:35,0
DA:56,0
DA:58,0
DA:63,0
DA:64,0
DA:65,0
DA:88,0
DA:89,0
DA:92,0
DA:94,0
DA:99,0
DA:100,0
DA:101,0
DA:104,0
DA:111,0
DA:112,0
DA:115,0
DA:138,0
DA:140,0
DA:141,0
DA:143,0
DA:148,0
DA:149,0
DA:150,0
DA:153,0
DA:160,0
DA:161,0
DA:165,0
DA:166,0
DA:169,0
DA:171,0
DA:178,0
DA:179,0
DA:184,0
DA:205,0
DA:207,0
DA:208,0
DA:210,0
DA:215,0
DA:216,0
DA:217,0
DA:224,0
DA:225,0
DA:228,0
DA:230,0
DA:234,0
LF:60
LH:0
BRDA:27,0,0,0
BRDA:27,0,1,0
BRDA:27,0,2,0
BRDA:88,1,0,0
BRDA:111,2,0,0
BRDA:140,3,0,0
BRDA:160,4,0,0
BRDA:165,5,0,0
BRDA:165,6,0,0
BRDA:165,6,1,0
BRDA:178,7,0,0
BRDA:207,8,0,0
BRDA:224,9,0,0
BRF:13
BRH:0
end_of_record
TN:
SF:src/routes/users.ts
FN:8,(anonymous_0)
FN:30,(anonymous_1)
FN:56,(anonymous_2)
FNF:3
FNH:0
FNDA:0,(anonymous_0)
FNDA:0,(anonymous_1)
FNDA:0,(anonymous_2)
DA:1,0
DA:2,0
DA:3,0
DA:5,0
DA:8,0
DA:9,0
DA:10,0
DA:23,0
DA:25,0
DA:30,0
DA:31,0
DA:32,0
DA:34,0
DA:45,0
DA:46,0
DA:49,0
DA:51,0
DA:56,0
DA:57,0
DA:58,0
DA:59,0
DA:61,0
DA:65,0
DA:66,0
DA:69,0
DA:81,0
DA:83,0
DA:87,0
LF:28
LH:0
BRDA:45,0,0,0
BRDA:65,1,0,0
BRF:2
BRH:0
end_of_record
TN:
SF:src/services/transactionService.ts
FN:28,(anonymous_0)
FN:45,(anonymous_1)
FN:75,(anonymous_2)
FN:99,(anonymous_3)
FN:111,(anonymous_4)
FN:172,(anonymous_5)
FN:273,(anonymous_6)
FN:302,(anonymous_7)
FN:347,(anonymous_8)
FN:411,(anonymous_9)
FN:438,(anonymous_10)
FN:457,(anonymous_11)
FN:505,(anonymous_12)
FN:530,(anonymous_13)
FN:581,(anonymous_14)
FN:601,(anonymous_15)
FNF:16
FNH:0
FNDA:0,(anonymous_0)
FNDA:0,(anonymous_1)
FNDA:0,(anonymous_2)
FNDA:0,(anonymous_3)
FNDA:0,(anonymous_4)
FNDA:0,(anonymous_5)
FNDA:0,(anonymous_6)
FNDA:0,(anonymous_7)
FNDA:0,(anonymous_8)
FNDA:0,(anonymous_9)
FNDA:0,(anonymous_10)
FNDA:0,(anonymous_11)
FNDA:0,(anonymous_12)
FNDA:0,(anonymous_13)
FNDA:0,(anonymous_14)
FNDA:0,(anonymous_15)
DA:1,0
DA:2,0
DA:4,0
DA:23,0
DA:29,0
DA:35,0
DA:50,0
DA:54,0
DA:58,0
DA:61,0
DA:62,0
DA:64,0
DA:80,0
DA:81,0
DA:82,0
DA:85,0
DA:86,0
DA:87,0
DA:88,0
DA:89,0
DA:93,0
DA:100,0
DA:101,0
DA:113,0
DA:114,0
DA:117,0
DA:118,0
DA:122,0
DA:123,0
DA:127,0
DA:130,0
DA:137,0
DA:139,0
DA:143,0
DA:147,0
DA:177,0
DA:179,0
DA:180,0
DA:183,0
DA:184,0
DA:185,0
DA:189,0
DA:190,0
DA:195,0
DA:206,0
DA:208,0
DA:211,0
DA:212,0
DA:213,0
DA:216,0
DA:217,0
DA:218,0
DA:222,0
DA:225,0
DA:226,0
DA:228,0
DA:230,0
DA:236,0
DA:237,0
DA:241,0
DA:245,0
DA:264,0
DA:267,0
DA:279,0
DA:290,0
DA:295,0
DA:303,0
DA:333,0
DA:334,0
DA:337,0
DA:338,0
DA:341,0
DA:360,0
DA:374,0
DA:405,0
DA:417,0
DA:425,0
DA:426,0
DA:429,0
DA:437,0
DA:439,0
DA:440,0
DA:442,0
DA:444,0
DA:449,0
DA:451,0
DA:463,0
DA:470,0
DA:471,0
DA:475,0
DA:476,0
DA:480,0
DA:481,0
DA:482,0
DA:490,0
DA:506,0
DA:511,0
DA:512,0
DA:515,0
DA:516,0
DA:519,0
DA:523,0
DA:538,0
DA:540,0
DA:541,0
DA:544,0
DA:545,0
DA:546,0
DA:547,0
DA:549,0
DA:550,0
DA:555,0
DA:567,0
DA:568,0
DA:570,0
DA:582,0
DA:586,0
DA:592,0
DA:609,0
DA:616,0
DA:617,0
DA:621,0
DA:622,0
DA:629,0
DA:630,0
DA:640,0
DA:646,0
DA:647,0
DA:651,0
DA:652,0
DA:655,0
DA:684,0
LF:132
LH:0
BRDA:54,0,0,0
BRDA:54,0,1,0
BRDA:61,1,0,0
BRDA:61,1,1,0
BRDA:62,2,0,0
BRDA:62,2,1,0
BRDA:85,3,0,0
BRDA:87,4,0,0
BRDA:102,5,0,0
BRDA:102,5,1,0
BRDA:102,5,2,0
BRDA:114,6,0,0
BRDA:114,6,1,0
BRDA:117,7,0,0
BRDA:122,8,0,0
BRDA:127,9,0,0
BRDA:127,9,1,0
BRDA:143,10,0,0
BRDA:143,10,1,0
BRDA:143,10,2,0
BRDA:156,11,0,0
BRDA:156,11,1,0
BRDA:159,12,0,0
BRDA:159,12,1,0
BRDA:163,13,0,0
BRDA:163,13,1,0
BRDA:177,14,0,0
BRDA:177,14,1,0
BRDA:184,15,0,0
BRDA:189,16,0,0
BRDA:228,17,0,0
BRDA:241,18,0,0
BRDA:241,18,1,0
BRDA:250,19,0,0
BRDA:250,19,1,0
BRDA:255,20,0,0
BRDA:255,20,1,0
BRDA:259,21,0,0
BRDA:259,21,1,0
BRDA:333,22,0,0
BRDA:337,23,0,0
BRDA:349,24,0,0
BRDA:362,25,0,0
BRDA:362,25,1,0
BRDA:363,26,0,0
BRDA:363,26,1,0
BRDA:364,27,0,0
BRDA:364,27,1,0
BRDA:365,28,0,0
BRDA:365,28,1,0
BRDA:366,29,0,0
BRDA:366,29,1,0
BRDA:366,29,2,0
BRDA:401,30,0,0
BRDA:401,30,1,0
BRDA:402,31,0,0
BRDA:402,31,1,0
BRDA:425,32,0,0
BRDA:439,33,0,0
BRDA:439,33,1,0
BRDA:470,34,0,0
BRDA:475,35,0,0
BRDA:475,36,0,0
BRDA:475,36,1,0
BRDA:475,36,2,0
BRDA:477,37,0,0
BRDA:477,37,1,0
BRDA:480,38,0,0
BRDA:481,39,0,0
BRDA:481,39,1,0
BRDA:481,39,2,0
BRDA:481,39,3,0
BRDA:511,40,0,0
BRDA:515,41,0,0
BRDA:532,42,0,0
BRDA:540,43,0,0
BRDA:544,44,0,0
BRDA:544,45,0,0
BRDA:544,45,1,0
BRDA:546,46,0,0
BRDA:549,47,0,0
BRDA:567,48,0,0
BRDA:567,48,1,0
BRDA:568,49,0,0
BRDA:568,49,1,0
BRDA:594,50,0,0
BRDA:594,50,1,0
BRDA:616,51,0,0
BRDA:621,52,0,0
BRDA:629,53,0,0
BRDA:642,54,0,0
BRDA:642,54,1,0
BRDA:642,55,0,0
BRDA:642,55,1,0
BRDA:646,56,0,0
BRDA:646,57,0,0
BRDA:646,57,1,0
BRDA:651,58,0,0
BRF:98
BRH:0
end_of_record
TN:
SF:src/utils/decimal.ts
FN:7,convertDecimalToNumber
FN:14,(anonymous_1)
FNF:2
FNH:0
FNDA:0,convertDecimalToNumber
FNDA:0,(anonymous_1)
DA:1,0
DA:7,0
DA:8,0
DA:9,0
DA:13,0
DA:14,0
DA:18,0
DA:19,0
DA:20,0
DA:21,0
DA:24,0
DA:25,0
DA:28,0
DA:29,0
DA:33,0
DA:34,0
DA:37,0
DA:38,0
DA:42,0
DA:45,0
DA:49,0
LF:21
LH:0
BRDA:8,0,0,0
BRDA:8,1,0,0
BRDA:8,1,1,0
BRDA:13,2,0,0
BRDA:18,3,0,0
BRDA:24,4,0,0
BRDA:24,4,1,0
BRDA:28,5,0,0
BRDA:28,5,1,0
BRDA:33,6,0,0
BRDA:33,6,1,0
BRDA:33,7,0,0
BRDA:33,7,1,0
BRDA:33,7,2,0
BRDA:33,7,3,0
BRDA:37,8,0,0
BRDA:37,8,1,0
BRDA:37,9,0,0
BRDA:37,9,1,0
BRDA:37,9,2,0
BRF:20
BRH:0
end_of_record
TN:
SF:src/utils/email.ts
FN:3,createTransporter
FN:15,sendPasswordResetEmail
FNF:2
FNH:0
FNDA:0,createTransporter
FNDA:0,sendPasswordResetEmail
DA:1,0
DA:4,0
DA:15,0
DA:16,0
DA:17,0
DA:18,0
DA:20,0
LF:7
LH:0
BRDA:5,0,0,0
BRDA:5,0,1,0
BRDA:6,1,0,0
BRDA:6,1,1,0
BRDA:17,2,0,0
BRDA:17,2,1,0
BRF:6
BRH:0
end_of_record
TN:
SF:src/utils/format.ts
FN:6,formatDate
FN:25,formatCurrency
FNF:2
FNH:0
FNDA:0,formatDate
FNDA:0,formatCurrency
DA:6,0
DA:7,0
DA:8,0
DA:11,0
DA:13,0
DA:14,0
DA:17,0
DA:25,0
DA:26,0
DA:28,0
LF:10
LH:0
BRDA:7,0,0,0
BRDA:7,1,0,0
BRDA:7,1,1,0
BRDA:11,2,0,0
BRDA:11,2,1,0
BRDA:13,3,0,0
BRDA:26,4,0,0
BRDA:26,4,1,0
BRF:8
BRH:0
end_of_record
